<?xml version="1.0" encoding="UTF-8"?>
<testng-results ignored="0" total="1" passed="1" failed="0" skipped="0">
  <reporter-output>
  </reporter-output>
  <suite started-at="2024-05-06T15:08:22 IST" name="Default suite" finished-at="2024-05-06T15:08:51 IST" duration-ms="29318">
    <groups>
    </groups>
    <test started-at="2024-05-06T15:08:22 IST" name="Default test" finished-at="2024-05-06T15:08:51 IST" duration-ms="29318">
      <class name="tests.AppiumTest2">
        <test-method is-config="true" signature="setup()[pri:0, instance:tests.AppiumTest2@6b2ea799]" started-at="2024-05-06T15:08:22 IST" name="setup" finished-at="2024-05-06T15:08:38 IST" duration-ms="16135" status="PASS">
          <reporter-output>
          </reporter-output>
        </test-method> <!-- setup -->
        <test-method signature="test1()[pri:0, instance:tests.AppiumTest2@6b2ea799]" started-at="2024-05-06T15:08:38 IST" name="test1" finished-at="2024-05-06T15:08:51 IST" duration-ms="13089" status="PASS">
          <reporter-output>
          </reporter-output>
        </test-method> <!-- test1 -->
        <test-method is-config="true" signature="tearDown()[pri:0, instance:tests.AppiumTest2@6b2ea799]" started-at="2024-05-06T15:08:51 IST" name="tearDown" finished-at="2024-05-06T15:08:51 IST" duration-ms="9" status="PASS">
          <reporter-output>
          </reporter-output>
        </test-method> <!-- tearDown -->
      </class> <!-- tests.AppiumTest2 -->
    </test> <!-- Default test -->
  </suite> <!-- Default suite -->
</testng-results>
